The target system is: Arduino -  - 
The host system is: Darwin - 11.4.0 - i386
Compiling the C compiler identification source file "CMakeCCompilerId.c" succeeded.
Compiler: /usr/local/CrossPack-AVR/bin/avr-gcc 
Build flags: 
Id flags: 

The output was:
0


Compilation of the C compiler identification source "CMakeCCompilerId.c" produced "a.out"

The C compiler identification is GNU, found in "/Users/aantonop/Dev/andreas-apm2-wip/ArduCopter/build/CMakeFiles/CompilerIdC/a.out"

Compiling the CXX compiler identification source file "CMakeCXXCompilerId.cpp" succeeded.
Compiler: /usr/local/CrossPack-AVR/bin/avr-g++ 
Build flags: 
Id flags: 

The output was:
0


Compilation of the CXX compiler identification source "CMakeCXXCompilerId.cpp" produced "a.out"

The CXX compiler identification is GNU, found in "/Users/aantonop/Dev/andreas-apm2-wip/ArduCopter/build/CMakeFiles/CompilerIdCXX/a.out"

Compiling the C compiler identification source file "CMakeCCompilerId.c" succeeded.
Compiler: /usr/local/CrossPack-AVR/bin/avr-gcc 
Build flags: -g;-Os;;;;;;;-mcall-prologues;-ffunction-sections;-fdata-sections
Id flags: 

The output was:
0


Compilation of the C compiler identification source "CMakeCCompilerId.c" produced "a.out"

The C compiler identification is GNU, found in "/Users/aantonop/Dev/andreas-apm2-wip/ArduCopter/build/CMakeFiles/CompilerIdC/a.out"

Compiling the CXX compiler identification source file "CMakeCXXCompilerId.cpp" succeeded.
Compiler: /usr/local/CrossPack-AVR/bin/avr-g++ 
Build flags: -g;-Os;;;;;;;-mcall-prologues;-ffunction-sections;-fdata-sections;-fno-exceptions
Id flags: 

The output was:
0


Compilation of the CXX compiler identification source "CMakeCXXCompilerId.cpp" produced "a.out"

The CXX compiler identification is GNU, found in "/Users/aantonop/Dev/andreas-apm2-wip/ArduCopter/build/CMakeFiles/CompilerIdCXX/a.out"

Compiling the C compiler identification source file "CMakeCCompilerId.c" succeeded.
Compiler: /usr/local/CrossPack-AVR/bin/avr-gcc 
Build flags: -g;-Os;;;;;;;-mcall-prologues;-ffunction-sections;-fdata-sections
Id flags: 

The output was:
0


Compilation of the C compiler identification source "CMakeCCompilerId.c" produced "a.out"

The C compiler identification is GNU, found in "/Users/aantonop/Dev/andreas-apm2-wip/ArduCopter/build/CMakeFiles/CompilerIdC/a.out"

Compiling the CXX compiler identification source file "CMakeCXXCompilerId.cpp" succeeded.
Compiler: /usr/local/CrossPack-AVR/bin/avr-g++ 
Build flags: -g;-Os;;;;;;;-mcall-prologues;-ffunction-sections;-fdata-sections;-fno-exceptions
Id flags: 

The output was:
0


Compilation of the CXX compiler identification source "CMakeCXXCompilerId.cpp" produced "a.out"

The CXX compiler identification is GNU, found in "/Users/aantonop/Dev/andreas-apm2-wip/ArduCopter/build/CMakeFiles/CompilerIdCXX/a.out"

Compiling the C compiler identification source file "CMakeCCompilerId.c" succeeded.
Compiler: /usr/local/CrossPack-AVR/bin/avr-gcc 
Build flags: -g;-Os;;;;;;;-mcall-prologues;-ffunction-sections;-fdata-sections
Id flags: 

The output was:
0


Compilation of the C compiler identification source "CMakeCCompilerId.c" produced "a.out"

The C compiler identification is GNU, found in "/Users/aantonop/Dev/andreas-apm2-wip/ArduCopter/build/CMakeFiles/CompilerIdC/a.out"

Compiling the CXX compiler identification source file "CMakeCXXCompilerId.cpp" succeeded.
Compiler: /usr/local/CrossPack-AVR/bin/avr-g++ 
Build flags: -g;-Os;;;;;;;-mcall-prologues;-ffunction-sections;-fdata-sections;-fno-exceptions
Id flags: 

The output was:
0


Compilation of the CXX compiler identification source "CMakeCXXCompilerId.cpp" produced "a.out"

The CXX compiler identification is GNU, found in "/Users/aantonop/Dev/andreas-apm2-wip/ArduCopter/build/CMakeFiles/CompilerIdCXX/a.out"

Compiling the C compiler identification source file "CMakeCCompilerId.c" succeeded.
Compiler: /usr/local/CrossPack-AVR/bin/avr-gcc 
Build flags: -g;-Os;;;;;;;-mcall-prologues;-ffunction-sections;-fdata-sections
Id flags: 

The output was:
0


Compilation of the C compiler identification source "CMakeCCompilerId.c" produced "a.out"

The C compiler identification is GNU, found in "/Users/aantonop/Dev/andreas-apm2-wip/ArduCopter/build/CMakeFiles/CompilerIdC/a.out"

Compiling the CXX compiler identification source file "CMakeCXXCompilerId.cpp" succeeded.
Compiler: /usr/local/CrossPack-AVR/bin/avr-g++ 
Build flags: -g;-Os;;;;;;;-mcall-prologues;-ffunction-sections;-fdata-sections;-fno-exceptions
Id flags: 

The output was:
0


Compilation of the CXX compiler identification source "CMakeCXXCompilerId.cpp" produced "a.out"

The CXX compiler identification is GNU, found in "/Users/aantonop/Dev/andreas-apm2-wip/ArduCopter/build/CMakeFiles/CompilerIdCXX/a.out"

